<?xml version="1.0" encoding="UTF-8"?>
<!-- Generated by org.testng.reporters.JUnitXMLReporter -->
<testsuite ignored="14" hostname="TISRNT07" failures="0" tests="0" time="16.669" errors="0" timestamp="2024-04-12T16:24:02 IST">
  <testcase classname="thinkwiseAutomation.LoginPageTest" name="testWithoutUserName" time="0.0">
    <ignored/>
  </testcase> <!-- testWithoutUserName -->
  <testcase classname="thinkwiseAutomation.LoginPageTest" name="testWithoutPassword" time="0.0">
    <ignored/>
  </testcase> <!-- testWithoutPassword -->
  <testcase classname="thinkwiseAutomation.LoginPageTest" name="verifyEmptySectionPage" time="0.0">
    <ignored/>
  </testcase> <!-- verifyEmptySectionPage -->
  <testcase classname="thinkwiseAutomation.LoginPageTest" name="passwordLength" time="0.0">
    <ignored/>
  </testcase> <!-- passwordLength -->
  <testcase classname="thinkwiseAutomation.LoginPageTest" name="verifyAcademicsPageObjects" time="0.0">
    <ignored/>
  </testcase> <!-- verifyAcademicsPageObjects -->
  <testcase classname="thinkwiseAutomation.LoginPageTest" name="verifySubjectPage" time="0.0">
    <ignored/>
  </testcase> <!-- verifySubjectPage -->
  <testcase classname="thinkwiseAutomation.LoginPageTest" name="testSuccessfulLogin" time="0.0">
    <ignored/>
  </testcase> <!-- testSuccessfulLogin -->
  <testcase classname="thinkwiseAutomation.LoginPageTest" name="verifySectionPage" time="0.0">
    <ignored/>
  </testcase> <!-- verifySectionPage -->
  <testcase classname="thinkwiseAutomation.LoginPageTest" name="testEmptyManageClassPage" time="0.0">
    <ignored/>
  </testcase> <!-- testEmptyManageClassPage -->
  <testcase classname="thinkwiseAutomation.LoginPageTest" name="testMandatorySubFields" time="0.0">
    <ignored/>
  </testcase> <!-- testMandatorySubFields -->
  <testcase classname="thinkwiseAutomation.LoginPageTest" name="verifyEmptySubjectPage" time="0.0">
    <ignored/>
  </testcase> <!-- verifyEmptySubjectPage -->
  <testcase classname="thinkwiseAutomation.LoginPageTest" name="testEmptyLoginValues" time="0.0">
    <ignored/>
  </testcase> <!-- testEmptyLoginValues -->
  <testcase classname="thinkwiseAutomation.LoginPageTest" name="validDataClassPage" time="0.0">
    <ignored/>
  </testcase> <!-- validDataClassPage -->
  <testcase classname="thinkwiseAutomation.LoginPageTest" name="testInvalidUserEntry" time="0.0">
    <ignored/>
  </testcase> <!-- testInvalidUserEntry -->
</testsuite>
