<?xml version="1.0" encoding="UTF-8"?>
<testng-results ignored="0" total="1" passed="1" failed="0" skipped="0">
  <reporter-output>
  </reporter-output>
  <suite started-at="2024-04-05T13:30:37 IST" name="Default suite" finished-at="2024-04-05T13:31:21 IST" duration-ms="43990">
    <groups>
    </groups>
    <test started-at="2024-04-05T13:30:37 IST" name="Default test" finished-at="2024-04-05T13:31:21 IST" duration-ms="43990">
      <class name="thinkwiseAutomation.AssertValidation">
        <test-method signature="validation()[pri:0, instance:thinkwiseAutomation.AssertValidation@4fb3ee4e]" started-at="2024-04-05T13:30:37 IST" name="validation" finished-at="2024-04-05T13:31:21 IST" duration-ms="43946" status="PASS">
          <reporter-output>
          </reporter-output>
        </test-method> <!-- validation -->
      </class> <!-- thinkwiseAutomation.AssertValidation -->
    </test> <!-- Default test -->
  </suite> <!-- Default suite -->
</testng-results>
